<?xml version="1.0" encoding="UTF-8"?>
<testsuite xmlns:xsi="http://www.w3.org/2001/XMLSchema-instance" xsi:noNamespaceSchemaLocation="https://maven.apache.org/surefire/maven-surefire-plugin/xsd/surefire-test-report.xsd" name="CharityTest" time="1.375" tests="5" errors="0" skipped="0" failures="0">
  <properties>
    <property name="java.specification.version" value="13"/>
    <property name="sun.cpu.isalist" value="amd64"/>
    <property name="sun.jnu.encoding" value="Cp1252"/>
    <property name="java.class.path" value="C:\Netbeans-Java\Bitbucket\spendensammler-web-app\Spendensammler-Web-App\target\test-classes;C:\Netbeans-Java\Bitbucket\spendensammler-web-app\Spendensammler-Web-App\target\classes;C:\Users\lu80238\.m2\repository\jakarta\platform\jakarta.jakartaee-api\9.0.0\jakarta.jakartaee-api-9.0.0.jar;C:\Users\lu80238\.m2\repository\org\jboss\arquillian\container\arquillian-weld-ee-embedded-1.1\1.0.0.CR9\arquillian-weld-ee-embedded-1.1-1.0.0.CR9.jar;C:\Users\lu80238\.m2\repository\org\jboss\arquillian\container\arquillian-container-spi\1.1.4.Final\arquillian-container-spi-1.1.4.Final.jar;C:\Users\lu80238\.m2\repository\org\jboss\arquillian\core\arquillian-core-spi\1.1.4.Final\arquillian-core-spi-1.1.4.Final.jar;C:\Users\lu80238\.m2\repository\org\jboss\arquillian\config\arquillian-config-api\1.1.4.Final\arquillian-config-api-1.1.4.Final.jar;C:\Users\lu80238\.m2\repository\org\jboss\arquillian\config\arquillian-config-impl-base\1.1.4.Final\arquillian-config-impl-base-1.1.4.Final.jar;C:\Users\lu80238\.m2\repository\org\jboss\shrinkwrap\descriptors\shrinkwrap-descriptors-spi\2.0.0-alpha-5\shrinkwrap-descriptors-spi-2.0.0-alpha-5.jar;C:\Users\lu80238\.m2\repository\org\easytesting\fest-assert\1.4\fest-assert-1.4.jar;C:\Users\lu80238\.m2\repository\org\easytesting\fest-util\1.1.6\fest-util-1.1.6.jar;C:\Users\lu80238\.m2\repository\org\jboss\shrinkwrap\shrinkwrap-api\1.2.2\shrinkwrap-api-1.2.2.jar;C:\Users\lu80238\.m2\repository\org\jboss\shrinkwrap\descriptors\shrinkwrap-descriptors-api-base\2.0.0-alpha-5\shrinkwrap-descriptors-api-base-2.0.0-alpha-5.jar;C:\Users\lu80238\.m2\repository\org\jboss\arquillian\container\arquillian-container-test-spi\1.1.4.Final\arquillian-container-test-spi-1.1.4.Final.jar;C:\Users\lu80238\.m2\repository\org\jboss\arquillian\test\arquillian-test-spi\1.1.4.Final\arquillian-test-spi-1.1.4.Final.jar;C:\Users\lu80238\.m2\repository\org\jboss\arquillian\test\arquillian-test-api\1.1.4.Final\arquillian-test-api-1.1.4.Final.jar;C:\Users\lu80238\.m2\repository\org\jboss\arquillian\container\arquillian-container-test-api\1.1.4.Final\arquillian-container-test-api-1.1.4.Final.jar;C:\Users\lu80238\.m2\repository\org\jboss\arquillian\testenricher\arquillian-testenricher-cdi\1.1.4.Final\arquillian-testenricher-cdi-1.1.4.Final.jar;C:\Users\lu80238\.m2\repository\org\jboss\weld\weld-junit5\4.0.0.Final\weld-junit5-4.0.0.Final.jar;C:\Users\lu80238\.m2\repository\org\jboss\weld\se\weld-se-core\5.0.0.SP1\weld-se-core-5.0.0.SP1.jar;C:\Users\lu80238\.m2\repository\org\jboss\weld\environment\weld-environment-common\5.0.0.SP1\weld-environment-common-5.0.0.SP1.jar;C:\Users\lu80238\.m2\repository\org\jboss\weld\weld-core-impl\5.0.0.SP1\weld-core-impl-5.0.0.SP1.jar;C:\Users\lu80238\.m2\repository\org\jboss\weld\weld-api\5.0.Final\weld-api-5.0.Final.jar;C:\Users\lu80238\.m2\repository\org\jboss\weld\weld-spi\5.0.Final\weld-spi-5.0.Final.jar;C:\Users\lu80238\.m2\repository\jakarta\el\jakarta.el-api\4.0.0\jakarta.el-api-4.0.0.jar;C:\Users\lu80238\.m2\repository\org\jboss\weld\weld-lite-extension-translator\5.0.0.SP1\weld-lite-extension-translator-5.0.0.SP1.jar;C:\Users\lu80238\.m2\repository\jakarta\interceptor\jakarta.interceptor-api\2.1.0\jakarta.interceptor-api-2.1.0.jar;C:\Users\lu80238\.m2\repository\org\jboss\logging\jboss-logging-processor\2.2.1.Final\jboss-logging-processor-2.2.1.Final.jar;C:\Users\lu80238\.m2\repository\org\jboss\logging\jboss-logging-annotations\2.2.1.Final\jboss-logging-annotations-2.2.1.Final.jar;C:\Users\lu80238\.m2\repository\org\jboss\jdeparser\jdeparser\2.0.3.Final\jdeparser-2.0.3.Final.jar;C:\Users\lu80238\.m2\repository\org\jboss\weld\probe\weld-probe-core\5.0.0.SP1\weld-probe-core-5.0.0.SP1.jar;C:\Users\lu80238\.m2\repository\jakarta\enterprise\jakarta.enterprise.cdi-api\4.0.0\jakarta.enterprise.cdi-api-4.0.0.jar;C:\Users\lu80238\.m2\repository\jakarta\enterprise\jakarta.enterprise.lang-model\4.0.0\jakarta.enterprise.lang-model-4.0.0.jar;C:\Users\lu80238\.m2\repository\jakarta\annotation\jakarta.annotation-api\2.1.0\jakarta.annotation-api-2.1.0.jar;C:\Users\lu80238\.m2\repository\jakarta\inject\jakarta.inject-api\2.0.1\jakarta.inject-api-2.0.1.jar;C:\Users\lu80238\.m2\repository\org\jboss\classfilewriter\jboss-classfilewriter\1.2.5.Final\jboss-classfilewriter-1.2.5.Final.jar;C:\Users\lu80238\.m2\repository\org\jboss\weld\weld-junit-common\4.0.0.Final\weld-junit-common-4.0.0.Final.jar;C:\Users\lu80238\.m2\repository\jakarta\persistence\jakarta.persistence-api\3.1.0\jakarta.persistence-api-3.1.0.jar;C:\Users\lu80238\.m2\repository\com\github\spotbugs\spotbugs-annotations\4.6.0\spotbugs-annotations-4.6.0.jar;C:\Users\lu80238\.m2\repository\org\junit\jupiter\junit-jupiter-api\5.8.2\junit-jupiter-api-5.8.2.jar;C:\Users\lu80238\.m2\repository\org\opentest4j\opentest4j\1.2.0\opentest4j-1.2.0.jar;C:\Users\lu80238\.m2\repository\org\junit\platform\junit-platform-commons\1.8.2\junit-platform-commons-1.8.2.jar;C:\Users\lu80238\.m2\repository\org\apiguardian\apiguardian-api\1.1.2\apiguardian-api-1.1.2.jar;C:\Users\lu80238\.m2\repository\org\junit\jupiter\junit-jupiter-engine\5.8.2\junit-jupiter-engine-5.8.2.jar;C:\Users\lu80238\.m2\repository\org\junit\platform\junit-platform-engine\1.8.2\junit-platform-engine-1.8.2.jar;C:\Users\lu80238\.m2\repository\org\slf4j\slf4j-simple\1.6.4\slf4j-simple-1.6.4.jar;C:\Users\lu80238\.m2\repository\org\slf4j\slf4j-api\1.6.4\slf4j-api-1.6.4.jar;C:\Users\lu80238\.m2\repository\org\jboss\as\jboss-as-arquillian-container-remote\7.2.0.Final\jboss-as-arquillian-container-remote-7.2.0.Final.jar;C:\Users\lu80238\.m2\repository\org\jboss\as\jboss-as-arquillian-common\7.2.0.Final\jboss-as-arquillian-common-7.2.0.Final.jar;C:\Users\lu80238\.m2\repository\org\jboss\arquillian\container\arquillian-container-osgi\1.0.3.Final\arquillian-container-osgi-1.0.3.Final.jar;C:\Users\lu80238\.m2\repository\org\jboss\arquillian\testenricher\arquillian-testenricher-ejb\1.0.0.Final\arquillian-testenricher-ejb-1.0.0.Final.jar;C:\Users\lu80238\.m2\repository\org\jboss\arquillian\testenricher\arquillian-testenricher-initialcontext\1.0.0.Final\arquillian-testenricher-initialcontext-1.0.0.Final.jar;C:\Users\lu80238\.m2\repository\org\jboss\arquillian\testenricher\arquillian-testenricher-osgi\1.0.3.Final\arquillian-testenricher-osgi-1.0.3.Final.jar;C:\Users\lu80238\.m2\repository\javax\inject\javax.inject\1\javax.inject-1.jar;C:\Users\lu80238\.m2\repository\org\jboss\arquillian\testenricher\arquillian-testenricher-resource\1.0.0.Final\arquillian-testenricher-resource-1.0.0.Final.jar;C:\Users\lu80238\.m2\repository\org\jboss\arquillian\container\arquillian-container-test-impl-base\1.0.0.Final\arquillian-container-test-impl-base-1.0.0.Final.jar;C:\Users\lu80238\.m2\repository\org\jboss\as\jboss-as-arquillian-testenricher-msc\7.2.0.Final\jboss-as-arquillian-testenricher-msc-7.2.0.Final.jar;C:\Users\lu80238\.m2\repository\org\jboss\as\jboss-as-server\7.2.0.Final\jboss-as-server-7.2.0.Final.jar;C:\Users\lu80238\.m2\repository\org\jboss\as\jboss-as-controller\7.2.0.Final\jboss-as-controller-7.2.0.Final.jar;C:\Users\lu80238\.m2\repository\org\jboss\staxmapper\1.1.0.Final\staxmapper-1.1.0.Final.jar;C:\Users\lu80238\.m2\repository\org\jboss\as\jboss-as-domain-http-interface\7.2.0.Final\jboss-as-domain-http-interface-7.2.0.Final.jar;C:\Users\lu80238\.m2\repository\org\jboss\as\jboss-as-domain-management\7.2.0.Final\jboss-as-domain-management-7.2.0.Final.jar;C:\Users\lu80238\.m2\repository\org\jboss\com\sun\httpserver\httpserver\1.0.1.Final\httpserver-1.0.1.Final.jar;C:\Users\lu80238\.m2\repository\org\jboss\as\jboss-as-deployment-repository\7.2.0.Final\jboss-as-deployment-repository-7.2.0.Final.jar;C:\Users\lu80238\.m2\repository\org\jboss\as\jboss-as-platform-mbean\7.2.0.Final\jboss-as-platform-mbean-7.2.0.Final.jar;C:\Users\lu80238\.m2\repository\org\jboss\as\jboss-as-process-controller\7.2.0.Final\jboss-as-process-controller-7.2.0.Final.jar;C:\Users\lu80238\.m2\repository\org\jboss\as\jboss-as-remoting\7.2.0.Final\jboss-as-remoting-7.2.0.Final.jar;C:\Users\lu80238\.m2\repository\org\jboss\as\jboss-as-network\7.2.0.Final\jboss-as-network-7.2.0.Final.jar;C:\Users\lu80238\.m2\repository\org\jboss\as\jboss-as-version\7.2.0.Final\jboss-as-version-7.2.0.Final.jar;C:\Users\lu80238\.m2\repository\org\jboss\invocation\jboss-invocation\1.1.1.Final\jboss-invocation-1.1.1.Final.jar;C:\Users\lu80238\.m2\repository\org\jboss\logmanager\log4j-jboss-logmanager\1.0.1.Final\log4j-jboss-logmanager-1.0.1.Final.jar;C:\Users\lu80238\.m2\repository\org\jboss\stdio\jboss-stdio\1.0.1.GA\jboss-stdio-1.0.1.GA.jar;C:\Users\lu80238\.m2\repository\org\jboss\jboss-vfs\3.1.0.Final\jboss-vfs-3.1.0.Final.jar;C:\Users\lu80238\.m2\repository\org\jboss\msc\jboss-msc\1.0.4.GA\jboss-msc-1.0.4.GA.jar;C:\Users\lu80238\.m2\repository\org\jboss\as\jboss-as-controller-client\7.2.0.Final\jboss-as-controller-client-7.2.0.Final.jar;C:\Users\lu80238\.m2\repository\org\jboss\as\jboss-as-protocol\7.2.0.Final\jboss-as-protocol-7.2.0.Final.jar;C:\Users\lu80238\.m2\repository\org\jboss\jboss-dmr\1.1.6.Final\jboss-dmr-1.1.6.Final.jar;C:\Users\lu80238\.m2\repository\org\jboss\threads\jboss-threads\2.1.0.Final\jboss-threads-2.1.0.Final.jar;C:\Users\lu80238\.m2\repository\org\jboss\as\jboss-as-jmx\7.2.0.Final\jboss-as-jmx-7.2.0.Final.jar;C:\Users\lu80238\.m2\repository\org\jboss\jboss-common-core\2.2.17.GA\jboss-common-core-2.2.17.GA.jar;C:\Users\lu80238\.m2\repository\org\jboss\as\jboss-as-naming\7.2.0.Final\jboss-as-naming-7.2.0.Final.jar;C:\Users\lu80238\.m2\repository\org\jboss\jboss-remote-naming\1.0.5.Final\jboss-remote-naming-1.0.5.Final.jar;C:\Users\lu80238\.m2\repository\org\jboss\jboss-ejb-client\1.0.0.Final\jboss-ejb-client-1.0.0.Final.jar;C:\Users\lu80238\.m2\repository\org\jboss\osgi\spi\jbosgi-spi\3.2.0.Final\jbosgi-spi-3.2.0.Final.jar;C:\Users\lu80238\.m2\repository\org\jboss\osgi\metadata\jbosgi-metadata\2.1.1.CR9\jbosgi-metadata-2.1.1.CR9.jar;C:\Users\lu80238\.m2\repository\org\jboss\osgi\vfs\jbosgi-vfs30\1.2.0.Final\jbosgi-vfs30-1.2.0.Final.jar;C:\Users\lu80238\.m2\repository\org\jboss\osgi\vfs\jbosgi-vfs\1.2.0.Final\jbosgi-vfs-1.2.0.Final.jar;C:\Users\lu80238\.m2\repository\org\jboss\shrinkwrap\resolver\shrinkwrap-resolver-impl-maven\1.0.0-beta-5\shrinkwrap-resolver-impl-maven-1.0.0-beta-5.jar;C:\Users\lu80238\.m2\repository\org\jboss\shrinkwrap\resolver\shrinkwrap-resolver-api\1.0.0-beta-5\shrinkwrap-resolver-api-1.0.0-beta-5.jar;C:\Users\lu80238\.m2\repository\org\jboss\shrinkwrap\resolver\shrinkwrap-resolver-api-maven\1.0.0-beta-5\shrinkwrap-resolver-api-maven-1.0.0-beta-5.jar;C:\Users\lu80238\.m2\repository\org\sonatype\aether\aether-api\1.8\aether-api-1.8.jar;C:\Users\lu80238\.m2\repository\org\sonatype\aether\aether-util\1.8\aether-util-1.8.jar;C:\Users\lu80238\.m2\repository\org\sonatype\aether\aether-connector-wagon\1.8\aether-connector-wagon-1.8.jar;C:\Users\lu80238\.m2\repository\org\sonatype\aether\aether-spi\1.8\aether-spi-1.8.jar;C:\Users\lu80238\.m2\repository\org\codehaus\plexus\plexus-container-default\1.5.5\plexus-container-default-1.5.5.jar;C:\Users\lu80238\.m2\repository\org\codehaus\plexus\plexus-classworlds\2.2.2\plexus-classworlds-2.2.2.jar;C:\Users\lu80238\.m2\repository\org\apache\xbean\xbean-reflect\3.4\xbean-reflect-3.4.jar;C:\Users\lu80238\.m2\repository\log4j\log4j\1.2.12\log4j-1.2.12.jar;C:\Users\lu80238\.m2\repository\com\google\collections\google-collections\1.0\google-collections-1.0.jar;C:\Users\lu80238\.m2\repository\org\apache\maven\maven-aether-provider\3.0.1\maven-aether-provider-3.0.1.jar;C:\Users\lu80238\.m2\repository\org\apache\maven\maven-model\3.0.1\maven-model-3.0.1.jar;C:\Users\lu80238\.m2\repository\org\apache\maven\maven-model-builder\3.0.1\maven-model-builder-3.0.1.jar;C:\Users\lu80238\.m2\repository\org\apache\maven\maven-repository-metadata\3.0.1\maven-repository-metadata-3.0.1.jar;C:\Users\lu80238\.m2\repository\org\sonatype\aether\aether-impl\1.8\aether-impl-1.8.jar;C:\Users\lu80238\.m2\repository\org\codehaus\plexus\plexus-component-annotations\1.5.5\plexus-component-annotations-1.5.5.jar;C:\Users\lu80238\.m2\repository\org\codehaus\plexus\plexus-utils\2.0.4\plexus-utils-2.0.4.jar;C:\Users\lu80238\.m2\repository\org\apache\maven\maven-settings-builder\3.0.1\maven-settings-builder-3.0.1.jar;C:\Users\lu80238\.m2\repository\org\codehaus\plexus\plexus-interpolation\1.14\plexus-interpolation-1.14.jar;C:\Users\lu80238\.m2\repository\org\apache\maven\maven-settings\3.0.1\maven-settings-3.0.1.jar;C:\Users\lu80238\.m2\repository\org\sonatype\plexus\plexus-sec-dispatcher\1.3\plexus-sec-dispatcher-1.3.jar;C:\Users\lu80238\.m2\repository\org\sonatype\plexus\plexus-cipher\1.4\plexus-cipher-1.4.jar;C:\Users\lu80238\.m2\repository\org\apache\maven\wagon\wagon-provider-api\1.0-beta-7\wagon-provider-api-1.0-beta-7.jar;C:\Users\lu80238\.m2\repository\org\apache\maven\wagon\wagon-file\1.0-beta-7\wagon-file-1.0-beta-7.jar;C:\Users\lu80238\.m2\repository\org\apache\maven\wagon\wagon-http-lightweight\1.0-beta-7\wagon-http-lightweight-1.0-beta-7.jar;C:\Users\lu80238\.m2\repository\org\apache\maven\wagon\wagon-http-shared\1.0-beta-7\wagon-http-shared-1.0-beta-7.jar;C:\Users\lu80238\.m2\repository\org\jboss\remotingjmx\remoting-jmx\1.1.0.Final\remoting-jmx-1.1.0.Final.jar;C:\Users\lu80238\.m2\repository\org\jboss\logmanager\jboss-logmanager\1.4.0.Final\jboss-logmanager-1.4.0.Final.jar;C:\Users\lu80238\.m2\repository\org\jboss\remoting3\jboss-remoting\3.2.12.GA\jboss-remoting-3.2.12.GA.jar;C:\Users\lu80238\.m2\repository\org\jboss\xnio\xnio-api\3.0.7.GA\xnio-api-3.0.7.GA.jar;C:\Users\lu80238\.m2\repository\org\jboss\xnio\xnio-nio\3.0.7.GA\xnio-nio-3.0.7.GA.jar;C:\Users\lu80238\.m2\repository\org\jboss\sasl\jboss-sasl\1.0.3.Final\jboss-sasl-1.0.3.Final.jar;C:\Users\lu80238\.m2\repository\org\osgi\org.osgi.core\4.2.0\org.osgi.core-4.2.0.jar;C:\Users\lu80238\.m2\repository\org\jboss\as\jboss-as-arquillian-protocol-jmx\7.2.0.Final\jboss-as-arquillian-protocol-jmx-7.2.0.Final.jar;C:\Users\lu80238\.m2\repository\org\jboss\as\jboss-as-osgi-service\7.2.0.Final\jboss-as-osgi-service-7.2.0.Final.jar;C:\Users\lu80238\.m2\repository\org\jboss\as\jboss-as-ee\7.2.0.Final\jboss-as-ee-7.2.0.Final.jar;C:\Users\lu80238\.m2\repository\javax\validation\validation-api\1.0.0.GA\validation-api-1.0.0.GA.jar;C:\Users\lu80238\.m2\repository\org\hibernate\hibernate-validator\4.3.1.Final\hibernate-validator-4.3.1.Final.jar;C:\Users\lu80238\.m2\repository\org\jboss\metadata\jboss-metadata-common\7.0.8.Final\jboss-metadata-common-7.0.8.Final.jar;C:\Users\lu80238\.m2\repository\org\jboss\metadata\jboss-metadata-ear\7.0.8.Final\jboss-metadata-ear-7.0.8.Final.jar;C:\Users\lu80238\.m2\repository\org\jboss\spec\javax\transaction\jboss-transaction-api_1.1_spec\1.0.1.Final\jboss-transaction-api_1.1_spec-1.0.1.Final.jar;C:\Users\lu80238\.m2\repository\org\jboss\spec\javax\annotation\jboss-annotations-api_1.1_spec\1.0.1.Final\jboss-annotations-api_1.1_spec-1.0.1.Final.jar;C:\Users\lu80238\.m2\repository\org\jboss\spec\javax\interceptor\jboss-interceptors-api_1.1_spec\1.0.1.Final\jboss-interceptors-api_1.1_spec-1.0.1.Final.jar;C:\Users\lu80238\.m2\repository\org\jboss\modules\jboss-modules\1.2.0.CR1\jboss-modules-1.2.0.CR1.jar;C:\Users\lu80238\.m2\repository\org\jboss\osgi\framework\jbosgi-framework-core\2.1.0.CR12\jbosgi-framework-core-2.1.0.CR12.jar;C:\Users\lu80238\.m2\repository\org\jboss\osgi\deployment\jbosgi-deployment\1.3.0.CR1\jbosgi-deployment-1.3.0.CR1.jar;C:\Users\lu80238\.m2\repository\org\jboss\osgi\resolver\jbosgi-resolver-felix\3.0.1.Final\jbosgi-resolver-felix-3.0.1.Final.jar;C:\Users\lu80238\.m2\repository\org\jboss\osgi\resolver\jbosgi-resolver-api\3.0.1.Final\jbosgi-resolver-api-3.0.1.Final.jar;C:\Users\lu80238\.m2\repository\org\jboss\osgi\repository\jbosgi-repository-api\2.1.0.Final\jbosgi-repository-api-2.1.0.Final.jar;C:\Users\lu80238\.m2\repository\org\jboss\osgi\repository\jbosgi-repository-core\2.1.0.Final\jbosgi-repository-core-2.1.0.Final.jar;C:\Users\lu80238\.m2\repository\org\jboss\arquillian\protocol\arquillian-protocol-jmx\1.0.0.Final\arquillian-protocol-jmx-1.0.0.Final.jar;C:\Users\lu80238\.m2\repository\org\jboss\marshalling\jboss-marshalling-river\1.3.16.GA\jboss-marshalling-river-1.3.16.GA.jar;C:\Users\lu80238\.m2\repository\org\jboss\marshalling\jboss-marshalling\1.3.16.GA\jboss-marshalling-1.3.16.GA.jar;C:\Users\lu80238\.m2\repository\org\jboss\arquillian\core\arquillian-core-api\1.0.0.Final\arquillian-core-api-1.0.0.Final.jar;C:\Users\lu80238\.m2\repository\org\jboss\as\jboss-as-build-config\7.2.0.Final\jboss-as-build-config-7.2.0.Final.jar;C:\Users\lu80238\.m2\repository\postgresql\postgresql\9.1-901-1.jdbc4\postgresql-9.1-901-1.jdbc4.jar;C:\Users\lu80238\.m2\repository\org\primefaces\primefaces\10.0.0\primefaces-10.0.0-jakarta.jar;C:\Users\lu80238\.m2\repository\org\primefaces\extensions\all-themes\1.0.8\all-themes-1.0.8.jar;C:\Users\lu80238\.m2\repository\org\primefaces\themes\afterdark\1.0.8\afterdark-1.0.8.jar;C:\Users\lu80238\.m2\repository\org\primefaces\themes\afternoon\1.0.8\afternoon-1.0.8.jar;C:\Users\lu80238\.m2\repository\org\primefaces\themes\afterwork\1.0.8\afterwork-1.0.8.jar;C:\Users\lu80238\.m2\repository\org\primefaces\themes\black-tie\1.0.8\black-tie-1.0.8.jar;C:\Users\lu80238\.m2\repository\org\primefaces\themes\blitzer\1.0.8\blitzer-1.0.8.jar;C:\Users\lu80238\.m2\repository\org\primefaces\themes\bluesky\1.0.8\bluesky-1.0.8.jar;C:\Users\lu80238\.m2\repository\org\primefaces\themes\bootstrap\1.0.8\bootstrap-1.0.8.jar;C:\Users\lu80238\.m2\repository\org\primefaces\themes\casablanca\1.0.8\casablanca-1.0.8.jar;C:\Users\lu80238\.m2\repository\org\primefaces\themes\cruze\1.0.8\cruze-1.0.8.jar;C:\Users\lu80238\.m2\repository\org\primefaces\themes\cupertino\1.0.8\cupertino-1.0.8.jar;C:\Users\lu80238\.m2\repository\org\primefaces\themes\dark-hive\1.0.8\dark-hive-1.0.8.jar;C:\Users\lu80238\.m2\repository\org\primefaces\themes\dot-luv\1.0.8\dot-luv-1.0.8.jar;C:\Users\lu80238\.m2\repository\org\primefaces\themes\eggplant\1.0.8\eggplant-1.0.8.jar;C:\Users\lu80238\.m2\repository\org\primefaces\themes\excite-bike\1.0.8\excite-bike-1.0.8.jar;C:\Users\lu80238\.m2\repository\org\primefaces\themes\flick\1.0.8\flick-1.0.8.jar;C:\Users\lu80238\.m2\repository\org\primefaces\themes\glass-x\1.0.8\glass-x-1.0.8.jar;C:\Users\lu80238\.m2\repository\org\primefaces\themes\hot-sneaks\1.0.8\hot-sneaks-1.0.8.jar;C:\Users\lu80238\.m2\repository\org\primefaces\themes\humanity\1.0.8\humanity-1.0.8.jar;C:\Users\lu80238\.m2\repository\org\primefaces\themes\le-frog\1.0.8\le-frog-1.0.8.jar;C:\Users\lu80238\.m2\repository\org\primefaces\themes\midnight\1.0.8\midnight-1.0.8.jar;C:\Users\lu80238\.m2\repository\org\primefaces\themes\mint-choc\1.0.8\mint-choc-1.0.8.jar;C:\Users\lu80238\.m2\repository\org\primefaces\themes\overcast\1.0.8\overcast-1.0.8.jar;C:\Users\lu80238\.m2\repository\org\primefaces\themes\pepper-grinder\1.0.8\pepper-grinder-1.0.8.jar;C:\Users\lu80238\.m2\repository\org\primefaces\themes\redmond\1.0.8\redmond-1.0.8.jar;C:\Users\lu80238\.m2\repository\org\primefaces\themes\rocket\1.0.8\rocket-1.0.8.jar;C:\Users\lu80238\.m2\repository\org\primefaces\themes\sam\1.0.8\sam-1.0.8.jar;C:\Users\lu80238\.m2\repository\org\primefaces\themes\smoothness\1.0.8\smoothness-1.0.8.jar;C:\Users\lu80238\.m2\repository\org\primefaces\themes\south-street\1.0.8\south-street-1.0.8.jar;C:\Users\lu80238\.m2\repository\org\primefaces\themes\start\1.0.8\start-1.0.8.jar;C:\Users\lu80238\.m2\repository\org\primefaces\themes\sunny\1.0.8\sunny-1.0.8.jar;C:\Users\lu80238\.m2\repository\org\primefaces\themes\swanky-purse\1.0.8\swanky-purse-1.0.8.jar;C:\Users\lu80238\.m2\repository\org\primefaces\themes\trontastic\1.0.8\trontastic-1.0.8.jar;C:\Users\lu80238\.m2\repository\org\primefaces\themes\ui-darkness\1.0.8\ui-darkness-1.0.8.jar;C:\Users\lu80238\.m2\repository\org\primefaces\themes\ui-lightness\1.0.8\ui-lightness-1.0.8.jar;C:\Users\lu80238\.m2\repository\org\primefaces\themes\vader\1.0.8\vader-1.0.8.jar;C:\Users\lu80238\.m2\repository\org\primefaces\themes\home\1.0.8\home-1.0.8.jar;C:\Users\lu80238\.m2\repository\org\apache\poi\poi\3.16\poi-3.16.jar;C:\Users\lu80238\.m2\repository\commons-codec\commons-codec\1.10\commons-codec-1.10.jar;C:\Users\lu80238\.m2\repository\org\apache\commons\commons-collections4\4.1\commons-collections4-4.1.jar;C:\Users\lu80238\.m2\repository\com\lowagie\itext\2.1.7\itext-2.1.7.jar;C:\Users\lu80238\.m2\repository\bouncycastle\bcmail-jdk14\138\bcmail-jdk14-138.jar;C:\Users\lu80238\.m2\repository\bouncycastle\bcprov-jdk14\138\bcprov-jdk14-138.jar;C:\Users\lu80238\.m2\repository\org\bouncycastle\bctsp-jdk14\1.38\bctsp-jdk14-1.38.jar;C:\Users\lu80238\.m2\repository\org\bouncycastle\bcprov-jdk14\1.38\bcprov-jdk14-1.38.jar;C:\Users\lu80238\.m2\repository\org\bouncycastle\bcmail-jdk14\1.38\bcmail-jdk14-1.38.jar;C:\Users\lu80238\.m2\repository\org\junit\jupiter\junit-jupiter\5.8.2\junit-jupiter-5.8.2.jar;C:\Users\lu80238\.m2\repository\org\junit\jupiter\junit-jupiter-params\5.8.2\junit-jupiter-params-5.8.2.jar;C:\Users\lu80238\.m2\repository\org\mockito\mockito-junit-jupiter\4.6.1\mockito-junit-jupiter-4.6.1.jar;C:\Users\lu80238\.m2\repository\org\mockito\mockito-core\4.6.1\mockito-core-4.6.1.jar;C:\Users\lu80238\.m2\repository\net\bytebuddy\byte-buddy\1.12.10\byte-buddy-1.12.10.jar;C:\Users\lu80238\.m2\repository\net\bytebuddy\byte-buddy-agent\1.12.10\byte-buddy-agent-1.12.10.jar;C:\Users\lu80238\.m2\repository\org\objenesis\objenesis\3.2\objenesis-3.2.jar;C:\Users\lu80238\.m2\repository\org\hibernate\hibernate-testing-jakarta\5.6.9.Final\hibernate-testing-jakarta-5.6.9.Final.jar;C:\Users\lu80238\.m2\repository\org\jboss\logging\jboss-logging\3.4.3.Final\jboss-logging-3.4.3.Final.jar;C:\Users\lu80238\.m2\repository\org\hibernate\hibernate-core-jakarta\5.6.9.Final\hibernate-core-jakarta-5.6.9.Final.jar;C:\Users\lu80238\.m2\repository\antlr\antlr\2.7.7\antlr-2.7.7.jar;C:\Users\lu80238\.m2\repository\org\jboss\jandex\2.4.2.Final\jandex-2.4.2.Final.jar;C:\Users\lu80238\.m2\repository\com\fasterxml\classmate\1.5.1\classmate-1.5.1.jar;C:\Users\lu80238\.m2\repository\jakarta\activation\jakarta.activation-api\2.0.1\jakarta.activation-api-2.0.1.jar;C:\Users\lu80238\.m2\repository\org\dom4j\dom4j\2.1.3\dom4j-2.1.3.jar;C:\Users\lu80238\.m2\repository\org\hibernate\common\hibernate-commons-annotations\5.1.2.Final\hibernate-commons-annotations-5.1.2.Final.jar;C:\Users\lu80238\.m2\repository\jakarta\xml\bind\jakarta.xml.bind-api\3.0.1\jakarta.xml.bind-api-3.0.1.jar;C:\Users\lu80238\.m2\repository\com\sun\activation\jakarta.activation\2.0.1\jakarta.activation-2.0.1.jar;C:\Users\lu80238\.m2\repository\org\glassfish\jaxb\jaxb-runtime\3.0.0\jaxb-runtime-3.0.0.jar;C:\Users\lu80238\.m2\repository\org\glassfish\jaxb\jaxb-core\3.0.0\jaxb-core-3.0.0.jar;C:\Users\lu80238\.m2\repository\org\glassfish\jaxb\txw2\3.0.0\txw2-3.0.0.jar;C:\Users\lu80238\.m2\repository\com\sun\istack\istack-commons-runtime\4.0.0\istack-commons-runtime-4.0.0.jar;C:\Users\lu80238\.m2\repository\jakarta\transaction\jakarta.transaction-api\2.0.0\jakarta.transaction-api-2.0.0.jar;C:\Users\lu80238\.m2\repository\org\jboss\byteman\byteman\4.0.16\byteman-4.0.16.jar;C:\Users\lu80238\.m2\repository\org\jboss\byteman\byteman-install\4.0.16\byteman-install-4.0.16.jar;C:\Users\lu80238\.m2\repository\org\jboss\byteman\byteman-bmunit\4.0.16\byteman-bmunit-4.0.16.jar;C:\Users\lu80238\.m2\repository\org\jboss\byteman\byteman-submit\4.0.16\byteman-submit-4.0.16.jar;C:\Users\lu80238\.m2\repository\com\experlog\xapool\1.5.0\xapool-1.5.0.jar;C:\Users\lu80238\.m2\repository\org\apache\logging\log4j\log4j-core\2.17.1\log4j-core-2.17.1.jar;C:\Users\lu80238\.m2\repository\org\apache\logging\log4j\log4j-api\2.17.1\log4j-api-2.17.1.jar;C:\Users\lu80238\.m2\repository\org\jboss\jboss-transaction-spi-jakarta\7.6.1.Final\jboss-transaction-spi-jakarta-7.6.1.Final.jar;C:\Users\lu80238\.m2\repository\org\jboss\narayana\jta\narayana-jta-jakarta\5.11.2.Final\narayana-jta-jakarta-5.11.2.Final.jar;C:\Users\lu80238\.m2\repository\org\seleniumhq\selenium\selenium-java\3.141.59\selenium-java-3.141.59.jar;C:\Users\lu80238\.m2\repository\org\seleniumhq\selenium\selenium-edge-driver\3.141.59\selenium-edge-driver-3.141.59.jar;C:\Users\lu80238\.m2\repository\org\seleniumhq\selenium\selenium-firefox-driver\3.141.59\selenium-firefox-driver-3.141.59.jar;C:\Users\lu80238\.m2\repository\org\seleniumhq\selenium\selenium-ie-driver\3.141.59\selenium-ie-driver-3.141.59.jar;C:\Users\lu80238\.m2\repository\org\seleniumhq\selenium\selenium-opera-driver\3.141.59\selenium-opera-driver-3.141.59.jar;C:\Users\lu80238\.m2\repository\org\seleniumhq\selenium\selenium-safari-driver\3.141.59\selenium-safari-driver-3.141.59.jar;C:\Users\lu80238\.m2\repository\org\seleniumhq\selenium\selenium-support\3.141.59\selenium-support-3.141.59.jar;C:\Users\lu80238\.m2\repository\org\apache\commons\commons-exec\1.3\commons-exec-1.3.jar;C:\Users\lu80238\.m2\repository\com\google\guava\guava\25.0-jre\guava-25.0-jre.jar;C:\Users\lu80238\.m2\repository\com\google\code\findbugs\jsr305\1.3.9\jsr305-1.3.9.jar;C:\Users\lu80238\.m2\repository\org\checkerframework\checker-compat-qual\2.0.0\checker-compat-qual-2.0.0.jar;C:\Users\lu80238\.m2\repository\com\google\errorprone\error_prone_annotations\2.1.3\error_prone_annotations-2.1.3.jar;C:\Users\lu80238\.m2\repository\com\google\j2objc\j2objc-annotations\1.1\j2objc-annotations-1.1.jar;C:\Users\lu80238\.m2\repository\org\codehaus\mojo\animal-sniffer-annotations\1.14\animal-sniffer-annotations-1.14.jar;C:\Users\lu80238\.m2\repository\com\squareup\okhttp3\okhttp\3.11.0\okhttp-3.11.0.jar;C:\Users\lu80238\.m2\repository\com\squareup\okio\okio\1.14.0\okio-1.14.0.jar;C:\Users\lu80238\.m2\repository\org\seleniumhq\selenium\selenium-api\3.141.59\selenium-api-3.141.59.jar;C:\Users\lu80238\.m2\repository\org\seleniumhq\selenium\selenium-server\3.141.59\selenium-server-3.141.59.jar;C:\Users\lu80238\.m2\repository\com\beust\jcommander\1.72\jcommander-1.72.jar;C:\Users\lu80238\.m2\repository\net\jcip\jcip-annotations\1.0\jcip-annotations-1.0.jar;C:\Users\lu80238\.m2\repository\org\seleniumhq\selenium\jetty-repacked\9.4.12.v20180830\jetty-repacked-9.4.12.v20180830.jar;C:\Users\lu80238\.m2\repository\javax\servlet\javax.servlet-api\3.1.0\javax.servlet-api-3.1.0.jar;C:\Users\lu80238\.m2\repository\org\yaml\snakeyaml\1.19\snakeyaml-1.19.jar;C:\Users\lu80238\.m2\repository\org\seleniumhq\selenium\selenium-chrome-driver\3.141.59\selenium-chrome-driver-3.141.59.jar;C:\Users\lu80238\.m2\repository\org\seleniumhq\selenium\selenium-remote-driver\3.141.59\selenium-remote-driver-3.141.59.jar;C:\Users\lu80238\.m2\repository\junit\junit\4.13.2\junit-4.13.2.jar;C:\Users\lu80238\.m2\repository\org\hamcrest\hamcrest-core\1.3\hamcrest-core-1.3.jar;"/>
    <property name="java.vm.vendor" value="Oracle Corporation"/>
    <property name="sun.arch.data.model" value="64"/>
    <property name="user.variant" value=""/>
    <property name="java.vendor.url" value="https://java.oracle.com/"/>
    <property name="user.timezone" value="Europe/Berlin"/>
    <property name="os.name" value="Windows 10"/>
    <property name="java.vm.specification.version" value="13"/>
    <property name="user.country" value="DE"/>
    <property name="sun.java.launcher" value="SUN_STANDARD"/>
    <property name="sun.boot.library.path" value="C:\Program Files\java\jdk-13.0.2\bin"/>
    <property name="sun.java.command" value="C:\Users\lu80238\AppData\Local\Temp\surefire18373257820777419057\surefirebooter1608129678773890415.jar C:\Users\lu80238\AppData\Local\Temp\surefire18373257820777419057 2022-12-19T08-09-55_321-jvmRun1 surefire3172857388558154288tmp surefire_04375328214914909446tmp"/>
    <property name="jdk.debug" value="release"/>
    <property name="surefire.test.class.path" value="C:\Netbeans-Java\Bitbucket\spendensammler-web-app\Spendensammler-Web-App\target\test-classes;C:\Netbeans-Java\Bitbucket\spendensammler-web-app\Spendensammler-Web-App\target\classes;C:\Users\lu80238\.m2\repository\jakarta\platform\jakarta.jakartaee-api\9.0.0\jakarta.jakartaee-api-9.0.0.jar;C:\Users\lu80238\.m2\repository\org\jboss\arquillian\container\arquillian-weld-ee-embedded-1.1\1.0.0.CR9\arquillian-weld-ee-embedded-1.1-1.0.0.CR9.jar;C:\Users\lu80238\.m2\repository\org\jboss\arquillian\container\arquillian-container-spi\1.1.4.Final\arquillian-container-spi-1.1.4.Final.jar;C:\Users\lu80238\.m2\repository\org\jboss\arquillian\core\arquillian-core-spi\1.1.4.Final\arquillian-core-spi-1.1.4.Final.jar;C:\Users\lu80238\.m2\repository\org\jboss\arquillian\config\arquillian-config-api\1.1.4.Final\arquillian-config-api-1.1.4.Final.jar;C:\Users\lu80238\.m2\repository\org\jboss\arquillian\config\arquillian-config-impl-base\1.1.4.Final\arquillian-config-impl-base-1.1.4.Final.jar;C:\Users\lu80238\.m2\repository\org\jboss\shrinkwrap\descriptors\shrinkwrap-descriptors-spi\2.0.0-alpha-5\shrinkwrap-descriptors-spi-2.0.0-alpha-5.jar;C:\Users\lu80238\.m2\repository\org\easytesting\fest-assert\1.4\fest-assert-1.4.jar;C:\Users\lu80238\.m2\repository\org\easytesting\fest-util\1.1.6\fest-util-1.1.6.jar;C:\Users\lu80238\.m2\repository\org\jboss\shrinkwrap\shrinkwrap-api\1.2.2\shrinkwrap-api-1.2.2.jar;C:\Users\lu80238\.m2\repository\org\jboss\shrinkwrap\descriptors\shrinkwrap-descriptors-api-base\2.0.0-alpha-5\shrinkwrap-descriptors-api-base-2.0.0-alpha-5.jar;C:\Users\lu80238\.m2\repository\org\jboss\arquillian\container\arquillian-container-test-spi\1.1.4.Final\arquillian-container-test-spi-1.1.4.Final.jar;C:\Users\lu80238\.m2\repository\org\jboss\arquillian\test\arquillian-test-spi\1.1.4.Final\arquillian-test-spi-1.1.4.Final.jar;C:\Users\lu80238\.m2\repository\org\jboss\arquillian\test\arquillian-test-api\1.1.4.Final\arquillian-test-api-1.1.4.Final.jar;C:\Users\lu80238\.m2\repository\org\jboss\arquillian\container\arquillian-container-test-api\1.1.4.Final\arquillian-container-test-api-1.1.4.Final.jar;C:\Users\lu80238\.m2\repository\org\jboss\arquillian\testenricher\arquillian-testenricher-cdi\1.1.4.Final\arquillian-testenricher-cdi-1.1.4.Final.jar;C:\Users\lu80238\.m2\repository\org\jboss\weld\weld-junit5\4.0.0.Final\weld-junit5-4.0.0.Final.jar;C:\Users\lu80238\.m2\repository\org\jboss\weld\se\weld-se-core\5.0.0.SP1\weld-se-core-5.0.0.SP1.jar;C:\Users\lu80238\.m2\repository\org\jboss\weld\environment\weld-environment-common\5.0.0.SP1\weld-environment-common-5.0.0.SP1.jar;C:\Users\lu80238\.m2\repository\org\jboss\weld\weld-core-impl\5.0.0.SP1\weld-core-impl-5.0.0.SP1.jar;C:\Users\lu80238\.m2\repository\org\jboss\weld\weld-api\5.0.Final\weld-api-5.0.Final.jar;C:\Users\lu80238\.m2\repository\org\jboss\weld\weld-spi\5.0.Final\weld-spi-5.0.Final.jar;C:\Users\lu80238\.m2\repository\jakarta\el\jakarta.el-api\4.0.0\jakarta.el-api-4.0.0.jar;C:\Users\lu80238\.m2\repository\org\jboss\weld\weld-lite-extension-translator\5.0.0.SP1\weld-lite-extension-translator-5.0.0.SP1.jar;C:\Users\lu80238\.m2\repository\jakarta\interceptor\jakarta.interceptor-api\2.1.0\jakarta.interceptor-api-2.1.0.jar;C:\Users\lu80238\.m2\repository\org\jboss\logging\jboss-logging-processor\2.2.1.Final\jboss-logging-processor-2.2.1.Final.jar;C:\Users\lu80238\.m2\repository\org\jboss\logging\jboss-logging-annotations\2.2.1.Final\jboss-logging-annotations-2.2.1.Final.jar;C:\Users\lu80238\.m2\repository\org\jboss\jdeparser\jdeparser\2.0.3.Final\jdeparser-2.0.3.Final.jar;C:\Users\lu80238\.m2\repository\org\jboss\weld\probe\weld-probe-core\5.0.0.SP1\weld-probe-core-5.0.0.SP1.jar;C:\Users\lu80238\.m2\repository\jakarta\enterprise\jakarta.enterprise.cdi-api\4.0.0\jakarta.enterprise.cdi-api-4.0.0.jar;C:\Users\lu80238\.m2\repository\jakarta\enterprise\jakarta.enterprise.lang-model\4.0.0\jakarta.enterprise.lang-model-4.0.0.jar;C:\Users\lu80238\.m2\repository\jakarta\annotation\jakarta.annotation-api\2.1.0\jakarta.annotation-api-2.1.0.jar;C:\Users\lu80238\.m2\repository\jakarta\inject\jakarta.inject-api\2.0.1\jakarta.inject-api-2.0.1.jar;C:\Users\lu80238\.m2\repository\org\jboss\classfilewriter\jboss-classfilewriter\1.2.5.Final\jboss-classfilewriter-1.2.5.Final.jar;C:\Users\lu80238\.m2\repository\org\jboss\weld\weld-junit-common\4.0.0.Final\weld-junit-common-4.0.0.Final.jar;C:\Users\lu80238\.m2\repository\jakarta\persistence\jakarta.persistence-api\3.1.0\jakarta.persistence-api-3.1.0.jar;C:\Users\lu80238\.m2\repository\com\github\spotbugs\spotbugs-annotations\4.6.0\spotbugs-annotations-4.6.0.jar;C:\Users\lu80238\.m2\repository\org\junit\jupiter\junit-jupiter-api\5.8.2\junit-jupiter-api-5.8.2.jar;C:\Users\lu80238\.m2\repository\org\opentest4j\opentest4j\1.2.0\opentest4j-1.2.0.jar;C:\Users\lu80238\.m2\repository\org\junit\platform\junit-platform-commons\1.8.2\junit-platform-commons-1.8.2.jar;C:\Users\lu80238\.m2\repository\org\apiguardian\apiguardian-api\1.1.2\apiguardian-api-1.1.2.jar;C:\Users\lu80238\.m2\repository\org\junit\jupiter\junit-jupiter-engine\5.8.2\junit-jupiter-engine-5.8.2.jar;C:\Users\lu80238\.m2\repository\org\junit\platform\junit-platform-engine\1.8.2\junit-platform-engine-1.8.2.jar;C:\Users\lu80238\.m2\repository\org\slf4j\slf4j-simple\1.6.4\slf4j-simple-1.6.4.jar;C:\Users\lu80238\.m2\repository\org\slf4j\slf4j-api\1.6.4\slf4j-api-1.6.4.jar;C:\Users\lu80238\.m2\repository\org\jboss\as\jboss-as-arquillian-container-remote\7.2.0.Final\jboss-as-arquillian-container-remote-7.2.0.Final.jar;C:\Users\lu80238\.m2\repository\org\jboss\as\jboss-as-arquillian-common\7.2.0.Final\jboss-as-arquillian-common-7.2.0.Final.jar;C:\Users\lu80238\.m2\repository\org\jboss\arquillian\container\arquillian-container-osgi\1.0.3.Final\arquillian-container-osgi-1.0.3.Final.jar;C:\Users\lu80238\.m2\repository\org\jboss\arquillian\testenricher\arquillian-testenricher-ejb\1.0.0.Final\arquillian-testenricher-ejb-1.0.0.Final.jar;C:\Users\lu80238\.m2\repository\org\jboss\arquillian\testenricher\arquillian-testenricher-initialcontext\1.0.0.Final\arquillian-testenricher-initialcontext-1.0.0.Final.jar;C:\Users\lu80238\.m2\repository\org\jboss\arquillian\testenricher\arquillian-testenricher-osgi\1.0.3.Final\arquillian-testenricher-osgi-1.0.3.Final.jar;C:\Users\lu80238\.m2\repository\javax\inject\javax.inject\1\javax.inject-1.jar;C:\Users\lu80238\.m2\repository\org\jboss\arquillian\testenricher\arquillian-testenricher-resource\1.0.0.Final\arquillian-testenricher-resource-1.0.0.Final.jar;C:\Users\lu80238\.m2\repository\org\jboss\arquillian\container\arquillian-container-test-impl-base\1.0.0.Final\arquillian-container-test-impl-base-1.0.0.Final.jar;C:\Users\lu80238\.m2\repository\org\jboss\as\jboss-as-arquillian-testenricher-msc\7.2.0.Final\jboss-as-arquillian-testenricher-msc-7.2.0.Final.jar;C:\Users\lu80238\.m2\repository\org\jboss\as\jboss-as-server\7.2.0.Final\jboss-as-server-7.2.0.Final.jar;C:\Users\lu80238\.m2\repository\org\jboss\as\jboss-as-controller\7.2.0.Final\jboss-as-controller-7.2.0.Final.jar;C:\Users\lu80238\.m2\repository\org\jboss\staxmapper\1.1.0.Final\staxmapper-1.1.0.Final.jar;C:\Users\lu80238\.m2\repository\org\jboss\as\jboss-as-domain-http-interface\7.2.0.Final\jboss-as-domain-http-interface-7.2.0.Final.jar;C:\Users\lu80238\.m2\repository\org\jboss\as\jboss-as-domain-management\7.2.0.Final\jboss-as-domain-management-7.2.0.Final.jar;C:\Users\lu80238\.m2\repository\org\jboss\com\sun\httpserver\httpserver\1.0.1.Final\httpserver-1.0.1.Final.jar;C:\Users\lu80238\.m2\repository\org\jboss\as\jboss-as-deployment-repository\7.2.0.Final\jboss-as-deployment-repository-7.2.0.Final.jar;C:\Users\lu80238\.m2\repository\org\jboss\as\jboss-as-platform-mbean\7.2.0.Final\jboss-as-platform-mbean-7.2.0.Final.jar;C:\Users\lu80238\.m2\repository\org\jboss\as\jboss-as-process-controller\7.2.0.Final\jboss-as-process-controller-7.2.0.Final.jar;C:\Users\lu80238\.m2\repository\org\jboss\as\jboss-as-remoting\7.2.0.Final\jboss-as-remoting-7.2.0.Final.jar;C:\Users\lu80238\.m2\repository\org\jboss\as\jboss-as-network\7.2.0.Final\jboss-as-network-7.2.0.Final.jar;C:\Users\lu80238\.m2\repository\org\jboss\as\jboss-as-version\7.2.0.Final\jboss-as-version-7.2.0.Final.jar;C:\Users\lu80238\.m2\repository\org\jboss\invocation\jboss-invocation\1.1.1.Final\jboss-invocation-1.1.1.Final.jar;C:\Users\lu80238\.m2\repository\org\jboss\logmanager\log4j-jboss-logmanager\1.0.1.Final\log4j-jboss-logmanager-1.0.1.Final.jar;C:\Users\lu80238\.m2\repository\org\jboss\stdio\jboss-stdio\1.0.1.GA\jboss-stdio-1.0.1.GA.jar;C:\Users\lu80238\.m2\repository\org\jboss\jboss-vfs\3.1.0.Final\jboss-vfs-3.1.0.Final.jar;C:\Users\lu80238\.m2\repository\org\jboss\msc\jboss-msc\1.0.4.GA\jboss-msc-1.0.4.GA.jar;C:\Users\lu80238\.m2\repository\org\jboss\as\jboss-as-controller-client\7.2.0.Final\jboss-as-controller-client-7.2.0.Final.jar;C:\Users\lu80238\.m2\repository\org\jboss\as\jboss-as-protocol\7.2.0.Final\jboss-as-protocol-7.2.0.Final.jar;C:\Users\lu80238\.m2\repository\org\jboss\jboss-dmr\1.1.6.Final\jboss-dmr-1.1.6.Final.jar;C:\Users\lu80238\.m2\repository\org\jboss\threads\jboss-threads\2.1.0.Final\jboss-threads-2.1.0.Final.jar;C:\Users\lu80238\.m2\repository\org\jboss\as\jboss-as-jmx\7.2.0.Final\jboss-as-jmx-7.2.0.Final.jar;C:\Users\lu80238\.m2\repository\org\jboss\jboss-common-core\2.2.17.GA\jboss-common-core-2.2.17.GA.jar;C:\Users\lu80238\.m2\repository\org\jboss\as\jboss-as-naming\7.2.0.Final\jboss-as-naming-7.2.0.Final.jar;C:\Users\lu80238\.m2\repository\org\jboss\jboss-remote-naming\1.0.5.Final\jboss-remote-naming-1.0.5.Final.jar;C:\Users\lu80238\.m2\repository\org\jboss\jboss-ejb-client\1.0.0.Final\jboss-ejb-client-1.0.0.Final.jar;C:\Users\lu80238\.m2\repository\org\jboss\osgi\spi\jbosgi-spi\3.2.0.Final\jbosgi-spi-3.2.0.Final.jar;C:\Users\lu80238\.m2\repository\org\jboss\osgi\metadata\jbosgi-metadata\2.1.1.CR9\jbosgi-metadata-2.1.1.CR9.jar;C:\Users\lu80238\.m2\repository\org\jboss\osgi\vfs\jbosgi-vfs30\1.2.0.Final\jbosgi-vfs30-1.2.0.Final.jar;C:\Users\lu80238\.m2\repository\org\jboss\osgi\vfs\jbosgi-vfs\1.2.0.Final\jbosgi-vfs-1.2.0.Final.jar;C:\Users\lu80238\.m2\repository\org\jboss\shrinkwrap\resolver\shrinkwrap-resolver-impl-maven\1.0.0-beta-5\shrinkwrap-resolver-impl-maven-1.0.0-beta-5.jar;C:\Users\lu80238\.m2\repository\org\jboss\shrinkwrap\resolver\shrinkwrap-resolver-api\1.0.0-beta-5\shrinkwrap-resolver-api-1.0.0-beta-5.jar;C:\Users\lu80238\.m2\repository\org\jboss\shrinkwrap\resolver\shrinkwrap-resolver-api-maven\1.0.0-beta-5\shrinkwrap-resolver-api-maven-1.0.0-beta-5.jar;C:\Users\lu80238\.m2\repository\org\sonatype\aether\aether-api\1.8\aether-api-1.8.jar;C:\Users\lu80238\.m2\repository\org\sonatype\aether\aether-util\1.8\aether-util-1.8.jar;C:\Users\lu80238\.m2\repository\org\sonatype\aether\aether-connector-wagon\1.8\aether-connector-wagon-1.8.jar;C:\Users\lu80238\.m2\repository\org\sonatype\aether\aether-spi\1.8\aether-spi-1.8.jar;C:\Users\lu80238\.m2\repository\org\codehaus\plexus\plexus-container-default\1.5.5\plexus-container-default-1.5.5.jar;C:\Users\lu80238\.m2\repository\org\codehaus\plexus\plexus-classworlds\2.2.2\plexus-classworlds-2.2.2.jar;C:\Users\lu80238\.m2\repository\org\apache\xbean\xbean-reflect\3.4\xbean-reflect-3.4.jar;C:\Users\lu80238\.m2\repository\log4j\log4j\1.2.12\log4j-1.2.12.jar;C:\Users\lu80238\.m2\repository\com\google\collections\google-collections\1.0\google-collections-1.0.jar;C:\Users\lu80238\.m2\repository\org\apache\maven\maven-aether-provider\3.0.1\maven-aether-provider-3.0.1.jar;C:\Users\lu80238\.m2\repository\org\apache\maven\maven-model\3.0.1\maven-model-3.0.1.jar;C:\Users\lu80238\.m2\repository\org\apache\maven\maven-model-builder\3.0.1\maven-model-builder-3.0.1.jar;C:\Users\lu80238\.m2\repository\org\apache\maven\maven-repository-metadata\3.0.1\maven-repository-metadata-3.0.1.jar;C:\Users\lu80238\.m2\repository\org\sonatype\aether\aether-impl\1.8\aether-impl-1.8.jar;C:\Users\lu80238\.m2\repository\org\codehaus\plexus\plexus-component-annotations\1.5.5\plexus-component-annotations-1.5.5.jar;C:\Users\lu80238\.m2\repository\org\codehaus\plexus\plexus-utils\2.0.4\plexus-utils-2.0.4.jar;C:\Users\lu80238\.m2\repository\org\apache\maven\maven-settings-builder\3.0.1\maven-settings-builder-3.0.1.jar;C:\Users\lu80238\.m2\repository\org\codehaus\plexus\plexus-interpolation\1.14\plexus-interpolation-1.14.jar;C:\Users\lu80238\.m2\repository\org\apache\maven\maven-settings\3.0.1\maven-settings-3.0.1.jar;C:\Users\lu80238\.m2\repository\org\sonatype\plexus\plexus-sec-dispatcher\1.3\plexus-sec-dispatcher-1.3.jar;C:\Users\lu80238\.m2\repository\org\sonatype\plexus\plexus-cipher\1.4\plexus-cipher-1.4.jar;C:\Users\lu80238\.m2\repository\org\apache\maven\wagon\wagon-provider-api\1.0-beta-7\wagon-provider-api-1.0-beta-7.jar;C:\Users\lu80238\.m2\repository\org\apache\maven\wagon\wagon-file\1.0-beta-7\wagon-file-1.0-beta-7.jar;C:\Users\lu80238\.m2\repository\org\apache\maven\wagon\wagon-http-lightweight\1.0-beta-7\wagon-http-lightweight-1.0-beta-7.jar;C:\Users\lu80238\.m2\repository\org\apache\maven\wagon\wagon-http-shared\1.0-beta-7\wagon-http-shared-1.0-beta-7.jar;C:\Users\lu80238\.m2\repository\org\jboss\remotingjmx\remoting-jmx\1.1.0.Final\remoting-jmx-1.1.0.Final.jar;C:\Users\lu80238\.m2\repository\org\jboss\logmanager\jboss-logmanager\1.4.0.Final\jboss-logmanager-1.4.0.Final.jar;C:\Users\lu80238\.m2\repository\org\jboss\remoting3\jboss-remoting\3.2.12.GA\jboss-remoting-3.2.12.GA.jar;C:\Users\lu80238\.m2\repository\org\jboss\xnio\xnio-api\3.0.7.GA\xnio-api-3.0.7.GA.jar;C:\Users\lu80238\.m2\repository\org\jboss\xnio\xnio-nio\3.0.7.GA\xnio-nio-3.0.7.GA.jar;C:\Users\lu80238\.m2\repository\org\jboss\sasl\jboss-sasl\1.0.3.Final\jboss-sasl-1.0.3.Final.jar;C:\Users\lu80238\.m2\repository\org\osgi\org.osgi.core\4.2.0\org.osgi.core-4.2.0.jar;C:\Users\lu80238\.m2\repository\org\jboss\as\jboss-as-arquillian-protocol-jmx\7.2.0.Final\jboss-as-arquillian-protocol-jmx-7.2.0.Final.jar;C:\Users\lu80238\.m2\repository\org\jboss\as\jboss-as-osgi-service\7.2.0.Final\jboss-as-osgi-service-7.2.0.Final.jar;C:\Users\lu80238\.m2\repository\org\jboss\as\jboss-as-ee\7.2.0.Final\jboss-as-ee-7.2.0.Final.jar;C:\Users\lu80238\.m2\repository\javax\validation\validation-api\1.0.0.GA\validation-api-1.0.0.GA.jar;C:\Users\lu80238\.m2\repository\org\hibernate\hibernate-validator\4.3.1.Final\hibernate-validator-4.3.1.Final.jar;C:\Users\lu80238\.m2\repository\org\jboss\metadata\jboss-metadata-common\7.0.8.Final\jboss-metadata-common-7.0.8.Final.jar;C:\Users\lu80238\.m2\repository\org\jboss\metadata\jboss-metadata-ear\7.0.8.Final\jboss-metadata-ear-7.0.8.Final.jar;C:\Users\lu80238\.m2\repository\org\jboss\spec\javax\transaction\jboss-transaction-api_1.1_spec\1.0.1.Final\jboss-transaction-api_1.1_spec-1.0.1.Final.jar;C:\Users\lu80238\.m2\repository\org\jboss\spec\javax\annotation\jboss-annotations-api_1.1_spec\1.0.1.Final\jboss-annotations-api_1.1_spec-1.0.1.Final.jar;C:\Users\lu80238\.m2\repository\org\jboss\spec\javax\interceptor\jboss-interceptors-api_1.1_spec\1.0.1.Final\jboss-interceptors-api_1.1_spec-1.0.1.Final.jar;C:\Users\lu80238\.m2\repository\org\jboss\modules\jboss-modules\1.2.0.CR1\jboss-modules-1.2.0.CR1.jar;C:\Users\lu80238\.m2\repository\org\jboss\osgi\framework\jbosgi-framework-core\2.1.0.CR12\jbosgi-framework-core-2.1.0.CR12.jar;C:\Users\lu80238\.m2\repository\org\jboss\osgi\deployment\jbosgi-deployment\1.3.0.CR1\jbosgi-deployment-1.3.0.CR1.jar;C:\Users\lu80238\.m2\repository\org\jboss\osgi\resolver\jbosgi-resolver-felix\3.0.1.Final\jbosgi-resolver-felix-3.0.1.Final.jar;C:\Users\lu80238\.m2\repository\org\jboss\osgi\resolver\jbosgi-resolver-api\3.0.1.Final\jbosgi-resolver-api-3.0.1.Final.jar;C:\Users\lu80238\.m2\repository\org\jboss\osgi\repository\jbosgi-repository-api\2.1.0.Final\jbosgi-repository-api-2.1.0.Final.jar;C:\Users\lu80238\.m2\repository\org\jboss\osgi\repository\jbosgi-repository-core\2.1.0.Final\jbosgi-repository-core-2.1.0.Final.jar;C:\Users\lu80238\.m2\repository\org\jboss\arquillian\protocol\arquillian-protocol-jmx\1.0.0.Final\arquillian-protocol-jmx-1.0.0.Final.jar;C:\Users\lu80238\.m2\repository\org\jboss\marshalling\jboss-marshalling-river\1.3.16.GA\jboss-marshalling-river-1.3.16.GA.jar;C:\Users\lu80238\.m2\repository\org\jboss\marshalling\jboss-marshalling\1.3.16.GA\jboss-marshalling-1.3.16.GA.jar;C:\Users\lu80238\.m2\repository\org\jboss\arquillian\core\arquillian-core-api\1.0.0.Final\arquillian-core-api-1.0.0.Final.jar;C:\Users\lu80238\.m2\repository\org\jboss\as\jboss-as-build-config\7.2.0.Final\jboss-as-build-config-7.2.0.Final.jar;C:\Users\lu80238\.m2\repository\postgresql\postgresql\9.1-901-1.jdbc4\postgresql-9.1-901-1.jdbc4.jar;C:\Users\lu80238\.m2\repository\org\primefaces\primefaces\10.0.0\primefaces-10.0.0-jakarta.jar;C:\Users\lu80238\.m2\repository\org\primefaces\extensions\all-themes\1.0.8\all-themes-1.0.8.jar;C:\Users\lu80238\.m2\repository\org\primefaces\themes\afterdark\1.0.8\afterdark-1.0.8.jar;C:\Users\lu80238\.m2\repository\org\primefaces\themes\afternoon\1.0.8\afternoon-1.0.8.jar;C:\Users\lu80238\.m2\repository\org\primefaces\themes\afterwork\1.0.8\afterwork-1.0.8.jar;C:\Users\lu80238\.m2\repository\org\primefaces\themes\black-tie\1.0.8\black-tie-1.0.8.jar;C:\Users\lu80238\.m2\repository\org\primefaces\themes\blitzer\1.0.8\blitzer-1.0.8.jar;C:\Users\lu80238\.m2\repository\org\primefaces\themes\bluesky\1.0.8\bluesky-1.0.8.jar;C:\Users\lu80238\.m2\repository\org\primefaces\themes\bootstrap\1.0.8\bootstrap-1.0.8.jar;C:\Users\lu80238\.m2\repository\org\primefaces\themes\casablanca\1.0.8\casablanca-1.0.8.jar;C:\Users\lu80238\.m2\repository\org\primefaces\themes\cruze\1.0.8\cruze-1.0.8.jar;C:\Users\lu80238\.m2\repository\org\primefaces\themes\cupertino\1.0.8\cupertino-1.0.8.jar;C:\Users\lu80238\.m2\repository\org\primefaces\themes\dark-hive\1.0.8\dark-hive-1.0.8.jar;C:\Users\lu80238\.m2\repository\org\primefaces\themes\dot-luv\1.0.8\dot-luv-1.0.8.jar;C:\Users\lu80238\.m2\repository\org\primefaces\themes\eggplant\1.0.8\eggplant-1.0.8.jar;C:\Users\lu80238\.m2\repository\org\primefaces\themes\excite-bike\1.0.8\excite-bike-1.0.8.jar;C:\Users\lu80238\.m2\repository\org\primefaces\themes\flick\1.0.8\flick-1.0.8.jar;C:\Users\lu80238\.m2\repository\org\primefaces\themes\glass-x\1.0.8\glass-x-1.0.8.jar;C:\Users\lu80238\.m2\repository\org\primefaces\themes\hot-sneaks\1.0.8\hot-sneaks-1.0.8.jar;C:\Users\lu80238\.m2\repository\org\primefaces\themes\humanity\1.0.8\humanity-1.0.8.jar;C:\Users\lu80238\.m2\repository\org\primefaces\themes\le-frog\1.0.8\le-frog-1.0.8.jar;C:\Users\lu80238\.m2\repository\org\primefaces\themes\midnight\1.0.8\midnight-1.0.8.jar;C:\Users\lu80238\.m2\repository\org\primefaces\themes\mint-choc\1.0.8\mint-choc-1.0.8.jar;C:\Users\lu80238\.m2\repository\org\primefaces\themes\overcast\1.0.8\overcast-1.0.8.jar;C:\Users\lu80238\.m2\repository\org\primefaces\themes\pepper-grinder\1.0.8\pepper-grinder-1.0.8.jar;C:\Users\lu80238\.m2\repository\org\primefaces\themes\redmond\1.0.8\redmond-1.0.8.jar;C:\Users\lu80238\.m2\repository\org\primefaces\themes\rocket\1.0.8\rocket-1.0.8.jar;C:\Users\lu80238\.m2\repository\org\primefaces\themes\sam\1.0.8\sam-1.0.8.jar;C:\Users\lu80238\.m2\repository\org\primefaces\themes\smoothness\1.0.8\smoothness-1.0.8.jar;C:\Users\lu80238\.m2\repository\org\primefaces\themes\south-street\1.0.8\south-street-1.0.8.jar;C:\Users\lu80238\.m2\repository\org\primefaces\themes\start\1.0.8\start-1.0.8.jar;C:\Users\lu80238\.m2\repository\org\primefaces\themes\sunny\1.0.8\sunny-1.0.8.jar;C:\Users\lu80238\.m2\repository\org\primefaces\themes\swanky-purse\1.0.8\swanky-purse-1.0.8.jar;C:\Users\lu80238\.m2\repository\org\primefaces\themes\trontastic\1.0.8\trontastic-1.0.8.jar;C:\Users\lu80238\.m2\repository\org\primefaces\themes\ui-darkness\1.0.8\ui-darkness-1.0.8.jar;C:\Users\lu80238\.m2\repository\org\primefaces\themes\ui-lightness\1.0.8\ui-lightness-1.0.8.jar;C:\Users\lu80238\.m2\repository\org\primefaces\themes\vader\1.0.8\vader-1.0.8.jar;C:\Users\lu80238\.m2\repository\org\primefaces\themes\home\1.0.8\home-1.0.8.jar;C:\Users\lu80238\.m2\repository\org\apache\poi\poi\3.16\poi-3.16.jar;C:\Users\lu80238\.m2\repository\commons-codec\commons-codec\1.10\commons-codec-1.10.jar;C:\Users\lu80238\.m2\repository\org\apache\commons\commons-collections4\4.1\commons-collections4-4.1.jar;C:\Users\lu80238\.m2\repository\com\lowagie\itext\2.1.7\itext-2.1.7.jar;C:\Users\lu80238\.m2\repository\bouncycastle\bcmail-jdk14\138\bcmail-jdk14-138.jar;C:\Users\lu80238\.m2\repository\bouncycastle\bcprov-jdk14\138\bcprov-jdk14-138.jar;C:\Users\lu80238\.m2\repository\org\bouncycastle\bctsp-jdk14\1.38\bctsp-jdk14-1.38.jar;C:\Users\lu80238\.m2\repository\org\bouncycastle\bcprov-jdk14\1.38\bcprov-jdk14-1.38.jar;C:\Users\lu80238\.m2\repository\org\bouncycastle\bcmail-jdk14\1.38\bcmail-jdk14-1.38.jar;C:\Users\lu80238\.m2\repository\org\junit\jupiter\junit-jupiter\5.8.2\junit-jupiter-5.8.2.jar;C:\Users\lu80238\.m2\repository\org\junit\jupiter\junit-jupiter-params\5.8.2\junit-jupiter-params-5.8.2.jar;C:\Users\lu80238\.m2\repository\org\mockito\mockito-junit-jupiter\4.6.1\mockito-junit-jupiter-4.6.1.jar;C:\Users\lu80238\.m2\repository\org\mockito\mockito-core\4.6.1\mockito-core-4.6.1.jar;C:\Users\lu80238\.m2\repository\net\bytebuddy\byte-buddy\1.12.10\byte-buddy-1.12.10.jar;C:\Users\lu80238\.m2\repository\net\bytebuddy\byte-buddy-agent\1.12.10\byte-buddy-agent-1.12.10.jar;C:\Users\lu80238\.m2\repository\org\objenesis\objenesis\3.2\objenesis-3.2.jar;C:\Users\lu80238\.m2\repository\org\hibernate\hibernate-testing-jakarta\5.6.9.Final\hibernate-testing-jakarta-5.6.9.Final.jar;C:\Users\lu80238\.m2\repository\org\jboss\logging\jboss-logging\3.4.3.Final\jboss-logging-3.4.3.Final.jar;C:\Users\lu80238\.m2\repository\org\hibernate\hibernate-core-jakarta\5.6.9.Final\hibernate-core-jakarta-5.6.9.Final.jar;C:\Users\lu80238\.m2\repository\antlr\antlr\2.7.7\antlr-2.7.7.jar;C:\Users\lu80238\.m2\repository\org\jboss\jandex\2.4.2.Final\jandex-2.4.2.Final.jar;C:\Users\lu80238\.m2\repository\com\fasterxml\classmate\1.5.1\classmate-1.5.1.jar;C:\Users\lu80238\.m2\repository\jakarta\activation\jakarta.activation-api\2.0.1\jakarta.activation-api-2.0.1.jar;C:\Users\lu80238\.m2\repository\org\dom4j\dom4j\2.1.3\dom4j-2.1.3.jar;C:\Users\lu80238\.m2\repository\org\hibernate\common\hibernate-commons-annotations\5.1.2.Final\hibernate-commons-annotations-5.1.2.Final.jar;C:\Users\lu80238\.m2\repository\jakarta\xml\bind\jakarta.xml.bind-api\3.0.1\jakarta.xml.bind-api-3.0.1.jar;C:\Users\lu80238\.m2\repository\com\sun\activation\jakarta.activation\2.0.1\jakarta.activation-2.0.1.jar;C:\Users\lu80238\.m2\repository\org\glassfish\jaxb\jaxb-runtime\3.0.0\jaxb-runtime-3.0.0.jar;C:\Users\lu80238\.m2\repository\org\glassfish\jaxb\jaxb-core\3.0.0\jaxb-core-3.0.0.jar;C:\Users\lu80238\.m2\repository\org\glassfish\jaxb\txw2\3.0.0\txw2-3.0.0.jar;C:\Users\lu80238\.m2\repository\com\sun\istack\istack-commons-runtime\4.0.0\istack-commons-runtime-4.0.0.jar;C:\Users\lu80238\.m2\repository\jakarta\transaction\jakarta.transaction-api\2.0.0\jakarta.transaction-api-2.0.0.jar;C:\Users\lu80238\.m2\repository\org\jboss\byteman\byteman\4.0.16\byteman-4.0.16.jar;C:\Users\lu80238\.m2\repository\org\jboss\byteman\byteman-install\4.0.16\byteman-install-4.0.16.jar;C:\Users\lu80238\.m2\repository\org\jboss\byteman\byteman-bmunit\4.0.16\byteman-bmunit-4.0.16.jar;C:\Users\lu80238\.m2\repository\org\jboss\byteman\byteman-submit\4.0.16\byteman-submit-4.0.16.jar;C:\Users\lu80238\.m2\repository\com\experlog\xapool\1.5.0\xapool-1.5.0.jar;C:\Users\lu80238\.m2\repository\org\apache\logging\log4j\log4j-core\2.17.1\log4j-core-2.17.1.jar;C:\Users\lu80238\.m2\repository\org\apache\logging\log4j\log4j-api\2.17.1\log4j-api-2.17.1.jar;C:\Users\lu80238\.m2\repository\org\jboss\jboss-transaction-spi-jakarta\7.6.1.Final\jboss-transaction-spi-jakarta-7.6.1.Final.jar;C:\Users\lu80238\.m2\repository\org\jboss\narayana\jta\narayana-jta-jakarta\5.11.2.Final\narayana-jta-jakarta-5.11.2.Final.jar;C:\Users\lu80238\.m2\repository\org\seleniumhq\selenium\selenium-java\3.141.59\selenium-java-3.141.59.jar;C:\Users\lu80238\.m2\repository\org\seleniumhq\selenium\selenium-edge-driver\3.141.59\selenium-edge-driver-3.141.59.jar;C:\Users\lu80238\.m2\repository\org\seleniumhq\selenium\selenium-firefox-driver\3.141.59\selenium-firefox-driver-3.141.59.jar;C:\Users\lu80238\.m2\repository\org\seleniumhq\selenium\selenium-ie-driver\3.141.59\selenium-ie-driver-3.141.59.jar;C:\Users\lu80238\.m2\repository\org\seleniumhq\selenium\selenium-opera-driver\3.141.59\selenium-opera-driver-3.141.59.jar;C:\Users\lu80238\.m2\repository\org\seleniumhq\selenium\selenium-safari-driver\3.141.59\selenium-safari-driver-3.141.59.jar;C:\Users\lu80238\.m2\repository\org\seleniumhq\selenium\selenium-support\3.141.59\selenium-support-3.141.59.jar;C:\Users\lu80238\.m2\repository\org\apache\commons\commons-exec\1.3\commons-exec-1.3.jar;C:\Users\lu80238\.m2\repository\com\google\guava\guava\25.0-jre\guava-25.0-jre.jar;C:\Users\lu80238\.m2\repository\com\google\code\findbugs\jsr305\1.3.9\jsr305-1.3.9.jar;C:\Users\lu80238\.m2\repository\org\checkerframework\checker-compat-qual\2.0.0\checker-compat-qual-2.0.0.jar;C:\Users\lu80238\.m2\repository\com\google\errorprone\error_prone_annotations\2.1.3\error_prone_annotations-2.1.3.jar;C:\Users\lu80238\.m2\repository\com\google\j2objc\j2objc-annotations\1.1\j2objc-annotations-1.1.jar;C:\Users\lu80238\.m2\repository\org\codehaus\mojo\animal-sniffer-annotations\1.14\animal-sniffer-annotations-1.14.jar;C:\Users\lu80238\.m2\repository\com\squareup\okhttp3\okhttp\3.11.0\okhttp-3.11.0.jar;C:\Users\lu80238\.m2\repository\com\squareup\okio\okio\1.14.0\okio-1.14.0.jar;C:\Users\lu80238\.m2\repository\org\seleniumhq\selenium\selenium-api\3.141.59\selenium-api-3.141.59.jar;C:\Users\lu80238\.m2\repository\org\seleniumhq\selenium\selenium-server\3.141.59\selenium-server-3.141.59.jar;C:\Users\lu80238\.m2\repository\com\beust\jcommander\1.72\jcommander-1.72.jar;C:\Users\lu80238\.m2\repository\net\jcip\jcip-annotations\1.0\jcip-annotations-1.0.jar;C:\Users\lu80238\.m2\repository\org\seleniumhq\selenium\jetty-repacked\9.4.12.v20180830\jetty-repacked-9.4.12.v20180830.jar;C:\Users\lu80238\.m2\repository\javax\servlet\javax.servlet-api\3.1.0\javax.servlet-api-3.1.0.jar;C:\Users\lu80238\.m2\repository\org\yaml\snakeyaml\1.19\snakeyaml-1.19.jar;C:\Users\lu80238\.m2\repository\org\seleniumhq\selenium\selenium-chrome-driver\3.141.59\selenium-chrome-driver-3.141.59.jar;C:\Users\lu80238\.m2\repository\org\seleniumhq\selenium\selenium-remote-driver\3.141.59\selenium-remote-driver-3.141.59.jar;C:\Users\lu80238\.m2\repository\junit\junit\4.13.2\junit-4.13.2.jar;C:\Users\lu80238\.m2\repository\org\hamcrest\hamcrest-core\1.3\hamcrest-core-1.3.jar;"/>
    <property name="sun.cpu.endian" value="little"/>
    <property name="user.home" value="C:\Users\lu80238"/>
    <property name="user.language" value="de"/>
    <property name="java.specification.vendor" value="Oracle Corporation"/>
    <property name="java.version.date" value="2020-01-14"/>
    <property name="java.home" value="C:\Program Files\java\jdk-13.0.2"/>
    <property name="file.separator" value="\"/>
    <property name="basedir" value="C:\Netbeans-Java\Bitbucket\spendensammler-web-app\Spendensammler-Web-App"/>
    <property name="java.vm.compressedOopsMode" value="Zero based"/>
    <property name="line.separator" value="&#10;"/>
    <property name="java.vm.specification.vendor" value="Oracle Corporation"/>
    <property name="java.specification.name" value="Java Platform API Specification"/>
    <property name="surefire.real.class.path" value="C:\Users\lu80238\AppData\Local\Temp\surefire18373257820777419057\surefirebooter1608129678773890415.jar"/>
    <property name="user.script" value=""/>
    <property name="sun.management.compiler" value="HotSpot 64-Bit Tiered Compilers"/>
    <property name="java.runtime.version" value="13.0.2+8"/>
    <property name="user.name" value="lu80238"/>
    <property name="path.separator" value=";"/>
    <property name="os.version" value="10.0"/>
    <property name="java.runtime.name" value="OpenJDK Runtime Environment"/>
    <property name="file.encoding" value="UTF-8"/>
    <property name="java.vm.name" value="OpenJDK 64-Bit Server VM"/>
    <property name="maven.ext.class.path" value="C:\Program Files\NetBeans-12.6\netbeans\java\maven-nblib\netbeans-eventspy.jar"/>
    <property name="localRepository" value="C:\Users\lu80238\.m2\repository"/>
    <property name="java.vendor.url.bug" value="https://bugreport.java.com/bugreport/"/>
    <property name="java.io.tmpdir" value="C:\Users\lu80238\AppData\Local\Temp\"/>
    <property name="java.version" value="13.0.2"/>
    <property name="user.dir" value="C:\Netbeans-Java\Bitbucket\spendensammler-web-app\Spendensammler-Web-App"/>
    <property name="os.arch" value="amd64"/>
    <property name="java.vm.specification.name" value="Java Virtual Machine Specification"/>
    <property name="sun.os.patch.level" value=""/>
    <property name="java.library.path" value="C:\Program Files\java\jdk-13.0.2\bin;C:\WINDOWS\Sun\Java\bin;C:\WINDOWS\system32;C:\WINDOWS;C:\Program Files\Common Files\Oracle\Java\javapath;C:\Program Files\Microsoft\jdk-11.0.14.101-hotspot\bin;C:\Program Files\Microsoft\jdk-17.0.2.8-hotspot\bin;C:\Program Files (x86)\Common Files\Oracle\Java\javapath;C:\Program Files\Intel\iCLS Client\;C:\WINDOWS\system32;C:\WINDOWS;C:\WINDOWS\System32\Wbem;C:\WINDOWS\System32\WindowsPowerShell\v1.0\;C:\WINDOWS\System32\OpenSSH\;C:\Program Files\java\jdk-13.0.2\bin;C:\Program Files\Git\cmd;C:\Users\la41625\AppData\Local\Programs\Python\Python310;C:\flutter_windows_3.0.5-stable\flutter\bin;;C:\Program Files (x86)\Intel\Intel(R) Management Engine Components\DAL;C:\Program Files\Intel\Intel(R) Management Engine Components\DAL;C:\Program Files\Docker\Docker\resources\bin;C:\Users\lu80238\AppData\Local\Microsoft\WindowsApps;;."/>
    <property name="java.vm.info" value="mixed mode, sharing"/>
    <property name="java.vendor" value="Oracle Corporation"/>
    <property name="java.vm.version" value="13.0.2+8"/>
    <property name="sun.io.unicode.encoding" value="UnicodeLittle"/>
    <property name="java.class.version" value="57.0"/>
  </properties>
  <testcase name="testCharity1" classname="CharityTest" time="0.25"/>
  <testcase name="testCharity2" classname="CharityTest" time="0.266"/>
  <testcase name="testCharity3" classname="CharityTest" time="0.328"/>
  <testcase name="testCharity4" classname="CharityTest" time="0.281"/>
  <testcase name="testCharityFilter" classname="CharityTest" time="0.25"/>
</testsuite>